./sdriver.pl -t trace01.txt -s ./tsh -a "-p"
#
# trace01.txt - Properly terminate on EOF.
#
./sdriver.pl -t trace02.txt -s ./tsh -a "-p"
#
# trace02.txt - Process builtin quit command.
#
./sdriver.pl -t trace03.txt -s ./tsh -a "-p"
#
# trace03.txt - Run a foreground job.
#
tsh> quit
./sdriver.pl -t trace04.txt -s ./tsh -a "-p"
#
# trace04.txt - Run a background job.
#
tsh> ./myspin 1 &
[1] (3019) ./myspin 1 &
./sdriver.pl -t trace05.txt -s ./tsh -a "-p"
#
# trace05.txt - Process jobs builtin command.
#
tsh> ./myspin 2 &
[1] (3025) ./myspin 2 &
tsh> ./myspin 3 &
[2] (3027) ./myspin 3 &
tsh> jobs
[1] (3025) Running ./myspin 2 &
[2] (3027) Running ./myspin 3 &
./sdriver.pl -t trace06.txt -s ./tsh -a "-p"
#
# trace06.txt - Forward SIGINT to foreground job.
#
tsh> ./myspin 4
Job [1] (3034) terminated by signal 2
./sdriver.pl -t trace07.txt -s ./tsh -a "-p"
#
# trace07.txt - Forward SIGINT only to foreground job.
#
tsh> ./myspin 4 &
[1] (3040) ./myspin 4 &
tsh> ./myspin 5
Job [2] (3042) terminated by signal 2
tsh> jobs
[1] (3040) Running ./myspin 4 &
./sdriver.pl -t trace08.txt -s ./tsh -a "-p"
#
# trace08.txt - Forward SIGTSTP only to foreground job.
#
tsh> ./myspin 4 &
[1] (3049) ./myspin 4 &
tsh> ./myspin 5
Job [2] (3051) stopped by signal 20
tsh> jobs
[1] (3049) Running ./myspin 4 &
[2] (3051) Stopped ./myspin 5 
./sdriver.pl -t trace09.txt -s ./tsh -a "-p"
#
# trace09.txt - Process bg builtin command
#
tsh> ./myspin 4 &
[1] (3060) ./myspin 4 &
tsh> ./myspin 5
Job [2] (3062) stopped by signal 20
tsh> jobs
[1] (3060) Running ./myspin 4 &
[2] (3062) Stopped ./myspin 5 
tsh> bg %2
[2] (3062) ./myspin 5 
tsh> jobs
[1] (3060) Running ./myspin 4 &
[2] (3062) Running ./myspin 5 
./sdriver.pl -t trace10.txt -s ./tsh -a "-p"
#
# trace10.txt - Process fg builtin command. 
#
tsh> ./myspin 4 &
[1] (3071) ./myspin 4 &
tsh> fg %1
Job [1] (3071) stopped by signal 20
tsh> jobs
[1] (3071) Stopped ./myspin 4 &
tsh> fg %1
tsh> jobs
./sdriver.pl -t trace11.txt -s ./tsh -a "-p"
#
# trace11.txt - Forward SIGINT to every process in foreground process group
#
tsh> ./mysplit 4
Job [1] (3081) terminated by signal 2
tsh> /bin/ps a
  PID TTY      STAT   TIME COMMAND
  980 tty7     Ssl+   0:13 /usr/lib/xorg/Xorg -core :0 -seat seat0 -auth /var/run/lightdm/root/:0 -nolisten tcp vt7 -novtswitch
 1262 tty1     Ss+    0:00 /sbin/agetty --noclear tty1 linux
 2419 pts/20   Ss     0:00 bash
 3076 pts/20   S+     0:00 make test11
 3077 pts/20   S+     0:00 /bin/sh -c ./sdriver.pl -t trace11.txt -s ./tsh -a "-p"
 3078 pts/20   S+     0:00 /usr/bin/perl ./sdriver.pl -t trace11.txt -s ./tsh -a -p
 3079 pts/20   S+     0:00 ./tsh -p
 3084 pts/20   R      0:00 /bin/ps a
./sdriver.pl -t trace12.txt -s ./tsh -a "-p"
#
# trace12.txt - Forward SIGTSTP to every process in foreground process group
#
tsh> ./mysplit 4
Job [1] (3092) stopped by signal 20
tsh> jobs
[1] (3092) Stopped ./mysplit 4 
tsh> /bin/ps a
  PID TTY      STAT   TIME COMMAND
  980 tty7     Ssl+   0:13 /usr/lib/xorg/Xorg -core :0 -seat seat0 -auth /var/run/lightdm/root/:0 -nolisten tcp vt7 -novtswitch
 1262 tty1     Ss+    0:00 /sbin/agetty --noclear tty1 linux
 2419 pts/20   Ss     0:00 bash
 3087 pts/20   S+     0:00 make test12
 3088 pts/20   S+     0:00 /bin/sh -c ./sdriver.pl -t trace12.txt -s ./tsh -a "-p"
 3089 pts/20   S+     0:00 /usr/bin/perl ./sdriver.pl -t trace12.txt -s ./tsh -a -p
 3090 pts/20   S+     0:00 ./tsh -p
 3092 pts/20   T      0:00 ./mysplit 4
 3093 pts/20   T      0:00 ./mysplit 4
 3096 pts/20   R      0:00 /bin/ps a
./sdriver.pl -t trace13.txt -s ./tsh -a "-p"
#
# trace13.txt - Restart every stopped process in process group
#
tsh> ./mysplit 4
Job [1] (3102) stopped by signal 20
tsh> jobs
[1] (3102) Stopped ./mysplit 4 
tsh> /bin/ps a
  PID TTY      STAT   TIME COMMAND
  980 tty7     Ssl+   0:13 /usr/lib/xorg/Xorg -core :0 -seat seat0 -auth /var/run/lightdm/root/:0 -nolisten tcp vt7 -novtswitch
 1262 tty1     Ss+    0:00 /sbin/agetty --noclear tty1 linux
 2419 pts/20   Ss     0:00 bash
 3097 pts/20   S+     0:00 make test13
 3098 pts/20   S+     0:00 /bin/sh -c ./sdriver.pl -t trace13.txt -s ./tsh -a "-p"
 3099 pts/20   S+     0:00 /usr/bin/perl ./sdriver.pl -t trace13.txt -s ./tsh -a -p
 3100 pts/20   S+     0:00 ./tsh -p
 3102 pts/20   T      0:00 ./mysplit 4
 3103 pts/20   T      0:00 ./mysplit 4
 3106 pts/20   R      0:00 /bin/ps a
tsh> fg %1
tsh> /bin/ps a
  PID TTY      STAT   TIME COMMAND
  980 tty7     Ssl+   0:13 /usr/lib/xorg/Xorg -core :0 -seat seat0 -auth /var/run/lightdm/root/:0 -nolisten tcp vt7 -novtswitch
 1262 tty1     Ss+    0:00 /sbin/agetty --noclear tty1 linux
 2419 pts/20   Ss     0:00 bash
 3097 pts/20   S+     0:00 make test13
 3098 pts/20   S+     0:00 /bin/sh -c ./sdriver.pl -t trace13.txt -s ./tsh -a "-p"
 3099 pts/20   S+     0:00 /usr/bin/perl ./sdriver.pl -t trace13.txt -s ./tsh -a -p
 3100 pts/20   S+     0:00 ./tsh -p
 3109 pts/20   R      0:00 /bin/ps a
./sdriver.pl -t trace14.txt -s ./tsh -a "-p"
#
# trace14.txt - Simple error handling
#
tsh> ./bogus
./bogus: Command not found.
tsh> ./myspin 4 &
[1] (3117) ./myspin 4 &
tsh> fg
fg command requires PID or %jobid argument
tsh> bg
bg command requires PID or %jobid argument
tsh> fg a
fg: argument must be a PID or %jobid
tsh> bg a
bg: argument must be a PID or %jobid
tsh> fg 9999999
(9999999): No such process
tsh> bg 9999999
(9999999): No such process
tsh> fg %2
%2: No such job
tsh> fg %1
Job [1] (3117) stopped by signal 20
tsh> bg %2
%2: No such job
tsh> bg %1
[1] (3117) ./myspin 4 &
tsh> jobs
[1] (3117) Running ./myspin 4 &
./sdriver.pl -t trace15.txt -s ./tsh -a "-p"
#
# trace15.txt - Putting it all together
#
tsh> ./bogus
./bogus: Command not found.
tsh> ./myspin 10
Job [1] (3136) terminated by signal 2
tsh> ./myspin 3 &
[1] (3138) ./myspin 3 &
tsh> ./myspin 4 &
[2] (3140) ./myspin 4 &
tsh> jobs
[1] (3138) Running ./myspin 3 &
[2] (3140) Running ./myspin 4 &
tsh> fg %1
Job [1] (3138) stopped by signal 20
tsh> jobs
[1] (3138) Stopped ./myspin 3 &
[2] (3140) Running ./myspin 4 &
tsh> bg %3
%3: No such job
tsh> bg %1
[1] (3138) ./myspin 3 &
tsh> jobs
[1] (3138) Running ./myspin 3 &
[2] (3140) Running ./myspin 4 &
tsh> fg %1
tsh> quit
./sdriver.pl -t trace16.txt -s ./tsh -a "-p"
#
# trace16.txt - Tests whether the shell can handle SIGTSTP and SIGINT
#     signals that come from other processes instead of the terminal.
#
tsh> ./mystop 2
Job [1] (3156) stopped by signal 20
tsh> jobs
[1] (3156) Stopped ./mystop 2
tsh> ./myint 2
Job [2] (3159) terminated by signal 2
